# JRE version: OpenJDK Runtime Environment Microsoft-11369940 (21.0.7+6) (build 21.0.7+6-LTS)
# Java VM: OpenJDK 64-Bit Server VM Microsoft-11369940 (21.0.7+6-LTS, mixed mode, emulated-client, sharing, tiered, compressed oops, compressed class ptrs, g1 gc, windows-amd64)
GC Precious Log:
 CardTable entry size: 512
 Card Set container configuration: InlinePtr #cards 5 size 8 Array Of Cards #cards 12 size 40 Howl #buckets 4 coarsen threshold 1843 Howl Bitmap #cards 512 size 80 coarsen threshold 460 Card regions per heap region 1 cards per card region 2048
 CPUs: 12 total, 12 available
 Memory: 7971M
 Large Page Support: Disabled
 NUMA Support: Disabled
 Compressed Oops: Enabled (32-bit)
 Heap Region Size: 1M
 Heap Min Capacity: 8M
 Heap Initial Capacity: 126M
 Heap Max Capacity: 1994M
 Pre-touch: Disabled
 Parallel Workers: 10
 Concurrent Workers: 3
 Concurrent Refinement Workers: 10
 Periodic GC: Disabled
Heap:
 garbage-first heap   total 158720K, used 115465K [0x0000000083600000, 0x0000000100000000)
  region size 1024K, 5 young (5120K), 5 survivors (5120K)
 Metaspace       used 74749K, committed 75520K, reserved 1114112K
  class space    used 10692K, committed 11008K, reserved 1048576K
GC Heap History (20 events):
Event: 5.145 GC heap after
{Heap after GC invocations=19 (full 0):
 garbage-first heap   total 73728K, used 38265K [0x0000000083600000, 0x0000000100000000)
  region size 1024K, 4 young (4096K), 4 survivors (4096K)
 Metaspace       used 71023K, committed 71808K, reserved 1114112K
  class space    used 10007K, committed 10368K, reserved 1048576K
}
Event: 5.199 GC heap before
{Heap before GC invocations=20 (full 0):
 garbage-first heap   total 73728K, used 63865K [0x0000000083600000, 0x0000000100000000)
  region size 1024K, 29 young (29696K), 4 survivors (4096K)
 Metaspace       used 71044K, committed 71808K, reserved 1114112K
  class space    used 10012K, committed 10368K, reserved 1048576K
}
Event: 5.204 GC heap after
{Heap after GC invocations=21 (full 0):
 garbage-first heap   total 74752K, used 44141K [0x0000000083600000, 0x0000000100000000)
  region size 1024K, 4 young (4096K), 4 survivors (4096K)
 Metaspace       used 71044K, committed 71808K, reserved 1114112K
  class space    used 10012K, committed 10368K, reserved 1048576K
}
Event: 5.298 GC heap before
{Heap before GC invocations=21 (full 0):
 garbage-first heap   total 74752K, used 64621K [0x0000000083600000, 0x0000000100000000)
  region size 1024K, 24 young (24576K), 4 survivors (4096K)
 Metaspace       used 71883K, committed 72640K, reserved 1114112K
  class space    used 10222K, committed 10560K, reserved 1048576K
}
Event: 5.302 GC heap after
{Heap after GC invocations=22 (full 0):
 garbage-first heap   total 74752K, used 46224K [0x0000000083600000, 0x0000000100000000)
  region size 1024K, 3 young (3072K), 3 survivors (3072K)
 Metaspace       used 71883K, committed 72640K, reserved 1114112K
  class space    used 10222K, committed 10560K, reserved 1048576K
}
Event: 5.380 GC heap before
{Heap before GC invocations=22 (full 0):
 garbage-first heap   total 74752K, used 64656K [0x0000000083600000, 0x0000000100000000)
  region size 1024K, 21 young (21504K), 3 survivors (3072K)
 Metaspace       used 72497K, committed 73280K, reserved 1114112K
  class space    used 10391K, committed 10752K, reserved 1048576K
}
Event: 5.383 GC heap after
{Heap after GC invocations=23 (full 0):
 garbage-first heap   total 74752K, used 47146K [0x0000000083600000, 0x0000000100000000)
  region size 1024K, 1 young (1024K), 1 survivors (1024K)
 Metaspace       used 72497K, committed 73280K, reserved 1114112K
  class space    used 10391K, committed 10752K, reserved 1048576K
}
Event: 5.423 GC heap before
{Heap before GC invocations=23 (full 0):
 garbage-first heap   total 80896K, used 66602K [0x0000000083600000, 0x0000000100000000)
  region size 1024K, 20 young (20480K), 1 survivors (1024K)
 Metaspace       used 72503K, committed 73280K, reserved 1114112K
  class space    used 10391K, committed 10752K, reserved 1048576K
}
Event: 5.425 GC heap after
{Heap after GC invocations=24 (full 0):
 garbage-first heap   total 80896K, used 50407K [0x0000000083600000, 0x0000000100000000)
  region size 1024K, 3 young (3072K), 3 survivors (3072K)
 Metaspace       used 72503K, committed 73280K, reserved 1114112K
  class space    used 10391K, committed 10752K, reserved 1048576K
}
Event: 5.459 GC heap before
{Heap before GC invocations=25 (full 0):
 garbage-first heap   total 80896K, used 70887K [0x0000000083600000, 0x0000000100000000)
  region size 1024K, 23 young (23552K), 3 survivors (3072K)
 Metaspace       used 72503K, committed 73280K, reserved 1114112K
  class space    used 10391K, committed 10752K, reserved 1048576K
}
Event: 5.464 GC heap after
{Heap after GC invocations=26 (full 0):
 garbage-first heap   total 158720K, used 58564K [0x0000000083600000, 0x0000000100000000)
  region size 1024K, 3 young (3072K), 3 survivors (3072K)
 Metaspace       used 72503K, committed 73280K, reserved 1114112K
  class space    used 10391K, committed 10752K, reserved 1048576K
}
Event: 5.689 GC heap before
{Heap before GC invocations=26 (full 0):
 garbage-first heap   total 158720K, used 120004K [0x0000000083600000, 0x0000000100000000)
  region size 1024K, 64 young (65536K), 3 survivors (3072K)
 Metaspace       used 74746K, committed 75520K, reserved 1114112K
  class space    used 10691K, committed 11008K, reserved 1048576K
}
Event: 5.698 GC heap after
{Heap after GC invocations=27 (full 0):
 garbage-first heap   total 158720K, used 73960K [0x0000000083600000, 0x0000000100000000)
  region size 1024K, 8 young (8192K), 8 survivors (8192K)
 Metaspace       used 74746K, committed 75520K, reserved 1114112K
  class space    used 10691K, committed 11008K, reserved 1048576K
}
Event: 5.728 GC heap before
{Heap before GC invocations=27 (full 0):
 garbage-first heap   total 158720K, used 91368K [0x0000000083600000, 0x0000000100000000)
  region size 1024K, 26 young (26624K), 8 survivors (8192K)
 Metaspace       used 74746K, committed 75520K, reserved 1114112K
  class space    used 10691K, committed 11008K, reserved 1048576K
}
Event: 5.735 GC heap after
{Heap after GC invocations=28 (full 0):
 garbage-first heap   total 158720K, used 83548K [0x0000000083600000, 0x0000000100000000)
  region size 1024K, 8 young (8192K), 8 survivors (8192K)
 Metaspace       used 74746K, committed 75520K, reserved 1114112K
  class space    used 10691K, committed 11008K, reserved 1048576K
}
Event: 5.810 GC heap before
{Heap before GC invocations=29 (full 0):
 garbage-first heap   total 158720K, used 124508K [0x0000000083600000, 0x0000000100000000)
  region size 1024K, 49 young (50176K), 8 survivors (8192K)
 Metaspace       used 74746K, committed 75520K, reserved 1114112K
  class space    used 10691K, committed 11008K, reserved 1048576K
}
Event: 5.816 GC heap after
{Heap after GC invocations=30 (full 0):
 garbage-first heap   total 158720K, used 88562K [0x0000000083600000, 0x0000000100000000)
  region size 1024K, 6 young (6144K), 6 survivors (6144K)
 Metaspace       used 74746K, committed 75520K, reserved 1114112K
  class space    used 10691K, committed 11008K, reserved 1048576K
}
Event: 5.885 GC heap before
{Heap before GC invocations=30 (full 0):
 garbage-first heap   total 158720K, used 128498K [0x0000000083600000, 0x0000000100000000)
  region size 1024K, 45 young (46080K), 6 survivors (6144K)
 Metaspace       used 74749K, committed 75520K, reserved 1114112K
  class space    used 10692K, committed 11008K, reserved 1048576K
}
Event: 5.895 GC heap after
{Heap after GC invocations=31 (full 0):
 garbage-first heap   total 158720K, used 101680K [0x0000000083600000, 0x0000000100000000)
  region size 1024K, 6 young (6144K), 6 survivors (6144K)
 Metaspace       used 74749K, committed 75520K, reserved 1114112K
  class space    used 10692K, committed 11008K, reserved 1048576K
}
Event: 5.953 GC heap before
{Heap before GC invocations=31 (full 0):
 garbage-first heap   total 158720K, used 132400K [0x0000000083600000, 0x0000000100000000)
  region size 1024K, 36 young (36864K), 6 survivors (6144K)
 Metaspace       used 74749K, committed 75520K, reserved 1114112K
  class space    used 10692K, committed 11008K, reserved 1048576K
}

