# JRE version: OpenJDK Runtime Environment Microsoft-11369940 (21.0.7+6) (build 21.0.7+6-LTS)
# Java VM: OpenJDK 64-Bit Server VM Microsoft-11369940 (21.0.7+6-LTS, mixed mode, emulated-client, sharing, tiered, compressed oops, compressed class ptrs, g1 gc, windows-amd64)
GC Precious Log:
 CardTable entry size: 512
 Card Set container configuration: InlinePtr #cards 5 size 8 Array Of Cards #cards 12 size 40 Howl #buckets 4 coarsen threshold 1843 Howl Bitmap #cards 512 size 80 coarsen threshold 460 Card regions per heap region 1 cards per card region 2048
 CPUs: 12 total, 12 available
 Memory: 7971M
 Large Page Support: Disabled
 NUMA Support: Disabled
 Compressed Oops: Enabled (32-bit)
 Heap Region Size: 1M
 Heap Min Capacity: 8M
 Heap Initial Capacity: 126M
 Heap Max Capacity: 1994M
 Pre-touch: Disabled
 Parallel Workers: 10
 Concurrent Workers: 3
 Concurrent Refinement Workers: 10
 Periodic GC: Disabled
Heap:
 garbage-first heap   total 131072K, used 77056K [0x0000000083600000, 0x0000000100000000)
  region size 1024K, 3 young (3072K), 3 survivors (3072K)
 Metaspace       used 74749K, committed 75520K, reserved 1114112K
  class space    used 10690K, committed 11008K, reserved 1048576K
GC Heap History (20 events):
Event: 7.481 GC heap after
{Heap after GC invocations=18 (full 0):
 garbage-first heap   total 66560K, used 34561K [0x0000000083600000, 0x0000000100000000)
  region size 1024K, 2 young (2048K), 2 survivors (2048K)
 Metaspace       used 64373K, committed 65088K, reserved 1114112K
  class space    used 8970K, committed 9280K, reserved 1048576K
}
Event: 8.177 GC heap before
{Heap before GC invocations=18 (full 0):
 garbage-first heap   total 66560K, used 60161K [0x0000000083600000, 0x0000000100000000)
  region size 1024K, 27 young (27648K), 2 survivors (2048K)
 Metaspace       used 68389K, committed 69184K, reserved 1114112K
  class space    used 9513K, committed 9856K, reserved 1048576K
}
Event: 8.182 GC heap after
{Heap after GC invocations=19 (full 0):
 garbage-first heap   total 66560K, used 36866K [0x0000000083600000, 0x0000000100000000)
  region size 1024K, 4 young (4096K), 4 survivors (4096K)
 Metaspace       used 68389K, committed 69184K, reserved 1114112K
  class space    used 9513K, committed 9856K, reserved 1048576K
}
Event: 8.614 GC heap before
{Heap before GC invocations=20 (full 0):
 garbage-first heap   total 66560K, used 57346K [0x0000000083600000, 0x0000000100000000)
  region size 1024K, 24 young (24576K), 4 survivors (4096K)
 Metaspace       used 70685K, committed 71488K, reserved 1114112K
  class space    used 10007K, committed 10368K, reserved 1048576K
}
Event: 8.618 GC heap after
{Heap after GC invocations=21 (full 0):
 garbage-first heap   total 66560K, used 38733K [0x0000000083600000, 0x0000000100000000)
  region size 1024K, 2 young (2048K), 2 survivors (2048K)
 Metaspace       used 70685K, committed 71488K, reserved 1114112K
  class space    used 10007K, committed 10368K, reserved 1048576K
}
Event: 8.666 GC heap before
{Heap before GC invocations=21 (full 0):
 garbage-first heap   total 66560K, used 59213K [0x0000000083600000, 0x0000000100000000)
  region size 1024K, 22 young (22528K), 2 survivors (2048K)
 Metaspace       used 70714K, committed 71552K, reserved 1114112K
  class space    used 10012K, committed 10368K, reserved 1048576K
}
Event: 8.671 GC heap after
{Heap after GC invocations=22 (full 0):
 garbage-first heap   total 68608K, used 45006K [0x0000000083600000, 0x0000000100000000)
  region size 1024K, 3 young (3072K), 3 survivors (3072K)
 Metaspace       used 70714K, committed 71552K, reserved 1114112K
  class space    used 10012K, committed 10368K, reserved 1048576K
}
Event: 8.710 GC heap before
{Heap before GC invocations=22 (full 0):
 garbage-first heap   total 68608K, used 58318K [0x0000000083600000, 0x0000000100000000)
  region size 1024K, 17 young (17408K), 3 survivors (3072K)
 Metaspace       used 70727K, committed 71552K, reserved 1114112K
  class space    used 10013K, committed 10368K, reserved 1048576K
}
Event: 8.714 GC heap after
{Heap after GC invocations=23 (full 0):
 garbage-first heap   total 68608K, used 46770K [0x0000000083600000, 0x0000000100000000)
  region size 1024K, 2 young (2048K), 2 survivors (2048K)
 Metaspace       used 70727K, committed 71552K, reserved 1114112K
  class space    used 10013K, committed 10368K, reserved 1048576K
}
Event: 8.892 GC heap before
{Heap before GC invocations=24 (full 0):
 garbage-first heap   total 80896K, used 60082K [0x0000000083600000, 0x0000000100000000)
  region size 1024K, 15 young (15360K), 2 survivors (2048K)
 Metaspace       used 72496K, committed 73280K, reserved 1114112K
  class space    used 10391K, committed 10752K, reserved 1048576K
}
Event: 8.895 GC heap after
{Heap after GC invocations=25 (full 0):
 garbage-first heap   total 97280K, used 49814K [0x0000000083600000, 0x0000000100000000)
  region size 1024K, 2 young (2048K), 2 survivors (2048K)
 Metaspace       used 72496K, committed 73280K, reserved 1114112K
  class space    used 10391K, committed 10752K, reserved 1048576K
}
Event: 8.958 GC heap before
{Heap before GC invocations=25 (full 0):
 garbage-first heap   total 97280K, used 80534K [0x0000000083600000, 0x0000000100000000)
  region size 1024K, 32 young (32768K), 2 survivors (2048K)
 Metaspace       used 72503K, committed 73344K, reserved 1114112K
  class space    used 10391K, committed 10752K, reserved 1048576K
}
Event: 8.966 GC heap after
{Heap after GC invocations=26 (full 0):
 garbage-first heap   total 97280K, used 55487K [0x0000000083600000, 0x0000000100000000)
  region size 1024K, 4 young (4096K), 4 survivors (4096K)
 Metaspace       used 72503K, committed 73344K, reserved 1114112K
  class space    used 10391K, committed 10752K, reserved 1048576K
}
Event: 9.034 GC heap before
{Heap before GC invocations=26 (full 0):
 garbage-first heap   total 97280K, used 82111K [0x0000000083600000, 0x0000000100000000)
  region size 1024K, 30 young (30720K), 4 survivors (4096K)
 Metaspace       used 72503K, committed 73344K, reserved 1114112K
  class space    used 10391K, committed 10752K, reserved 1048576K
}
Event: 9.045 GC heap after
{Heap after GC invocations=27 (full 0):
 garbage-first heap   total 97280K, used 66418K [0x0000000083600000, 0x0000000100000000)
  region size 1024K, 4 young (4096K), 4 survivors (4096K)
 Metaspace       used 72503K, committed 73344K, reserved 1114112K
  class space    used 10391K, committed 10752K, reserved 1048576K
}
Event: 9.109 GC heap before
{Heap before GC invocations=28 (full 0):
 garbage-first heap   total 106496K, used 80754K [0x0000000083600000, 0x0000000100000000)
  region size 1024K, 21 young (21504K), 4 survivors (4096K)
 Metaspace       used 72504K, committed 73344K, reserved 1114112K
  class space    used 10391K, committed 10752K, reserved 1048576K
}
Event: 9.112 GC heap after
{Heap after GC invocations=29 (full 0):
 garbage-first heap   total 106496K, used 65987K [0x0000000083600000, 0x0000000100000000)
  region size 1024K, 2 young (2048K), 2 survivors (2048K)
 Metaspace       used 72504K, committed 73344K, reserved 1114112K
  class space    used 10391K, committed 10752K, reserved 1048576K
}
Event: 9.304 GC heap before
{Heap before GC invocations=29 (full 0):
 garbage-first heap   total 106496K, used 87491K [0x0000000083600000, 0x0000000100000000)
  region size 1024K, 24 young (24576K), 2 survivors (2048K)
 Metaspace       used 74749K, committed 75520K, reserved 1114112K
  class space    used 10690K, committed 11008K, reserved 1048576K
}
Event: 9.308 GC heap after
{Heap after GC invocations=30 (full 0):
 garbage-first heap   total 106496K, used 69025K [0x0000000083600000, 0x0000000100000000)
  region size 1024K, 3 young (3072K), 3 survivors (3072K)
 Metaspace       used 74749K, committed 75520K, reserved 1114112K
  class space    used 10690K, committed 11008K, reserved 1048576K
}
Event: 9.347 GC heap before
{Heap before GC invocations=30 (full 0):
 garbage-first heap   total 106496K, used 88481K [0x0000000083600000, 0x0000000100000000)
  region size 1024K, 23 young (23552K), 3 survivors (3072K)
 Metaspace       used 74749K, committed 75520K, reserved 1114112K
  class space    used 10690K, committed 11008K, reserved 1048576K
}

